#
# There is insufficient memory for the Java Runtime Environment to continue.
# Native memory allocation (malloc) failed to allocate 1096016 bytes for Chunk::new
# Possible reasons:
#   The system is out of physical RAM or swap space
#   The process is running with CompressedOops enabled, and the Java Heap may be blocking the growth of the native heap
# Possible solutions:
#   Reduce memory load on the system
#   Increase physical memory or swap space
#   Check if swap backing store is full
#   Decrease Java heap size (-Xmx/-Xms)
#   Decrease number of Java threads
#   Decrease Java thread stack sizes (-Xss)
#   Set larger code cache with -XX:ReservedCodeCacheSize=
#   JVM is running with Unscaled Compressed Oops mode in which the Java heap is
#     placed in the first 4GB address space. The Java Heap base address is the
#     maximum limit for the native heap growth. Please use -XX:HeapBaseMinAddress
#     to set the Java Heap base and to place the Java Heap above 4GB virtual address.
# This output file may be truncated or incomplete.
#
#  Out of Memory Error (allocation.cpp:389), pid=19432, tid=0x0000000000004b00
#
# JRE version: OpenJDK Runtime Environment (8.0_242-b01) (build 1.8.0_242-release-1644-b01)
# Java VM: OpenJDK 64-Bit Server VM (25.242-b01 mixed mode windows-amd64 compressed oops)
# Failed to write core dump. Minidumps are not enabled by default on client versions of Windows
#

---------------  T H R E A D  ---------------

Current thread (0x000000001537a800):  JavaThread "C2 CompilerThread1" daemon [_thread_in_native, id=19200, stack(0x0000000016ae0000,0x0000000016be0000)]

Stack: [0x0000000016ae0000,0x0000000016be0000]
[error occurred during error reporting (printing stack bounds), id 0xc0000005]

Native frames: (J=compiled Java code, j=interpreted, Vv=VM code, C=native code)


Current CompileTask:
C2:  39645 8330       4       org.jetbrains.kotlin.resolve.OverridingUtil::generateOverridesInFunctionGroup (123 bytes)


---------------  P R O C E S S  ---------------

Java Threads: ( => current thread )
  0x00000000153ac800 JavaThread "Service Thread" daemon [_thread_blocked, id=19404, stack(0x00000000170e0000,0x00000000171e0000)]
  0x00000000153a7800 JavaThread "C1 CompilerThread2" daemon [_thread_blocked, id=19368, stack(0x0000000016fe0000,0x00000000170e0000)]
=>0x000000001537a800 JavaThread "C2 CompilerThread1" daemon [_thread_in_native, id=19200, stack(0x0000000016ae0000,0x0000000016be0000)]
  0x0000000015358800 JavaThread "C2 CompilerThread0" daemon [_thread_in_native, id=18220, stack(0x00000000169e0000,0x0000000016ae0000)]
  0x0000000015355000 JavaThread "Attach Listener" daemon [_thread_blocked, id=19316, stack(0x00000000168e0000,0x00000000169e0000)]
  0x0000000015353800 JavaThread "Signal Dispatcher" daemon [_thread_blocked, id=19380, stack(0x00000000167e0000,0x00000000168e0000)]
  0x0000000002d7c800 JavaThread "Finalizer" daemon [_thread_blocked, id=19312, stack(0x00000000165c0000,0x00000000166c0000)]
  0x0000000015339000 JavaThread "Reference Handler" daemon [_thread_blocked, id=19352, stack(0x00000000164c0000,0x00000000165c0000)]
  0x0000000002c82800 JavaThread "main" [_thread_in_vm, id=19388, stack(0x0000000002b00000,0x0000000002c00000)]

Other Threads:
  0x0000000015316800 VMThread [stack: 0x00000000163c0000,0x00000000164c0000] [id=19300]
  0x00000000153ad800 WatcherThread [stack: 0x00000000171e0000,0x00000000172e0000] [id=19420]

VM state:not at safepoint (normal execution)

VM Mutex/Monitor currently owned by a thread:  ([mutex/lock_event])
[0x0000000002c7e080] SystemDictionary_lock - owner thread: 0x0000000002c82800

heap address: 0x00000000c1c00000, size: 996 MB, Compressed Oops mode: 32-bit
Narrow klass base: 0x0000000000000000, Narrow klass shift: 3
Compressed class space size: 1073741824 Address: 0x0000000100000000

Heap:
 PSYoungGen      total 107008K, used 35949K [0x00000000eb400000, 0x00000000f5980000, 0x0000000100000000)
  eden space 84480K, 15% used [0x00000000eb400000,0x00000000ec122ab8,0x00000000f0680000)
  from space 22528K, 99% used [0x00000000f0680000,0x00000000f1c78bc0,0x00000000f1c80000)
  to   space 28672K, 0% used [0x00000000f3d80000,0x00000000f3d80000,0x00000000f5980000)
 ParOldGen       total 86016K, used 43449K [0x00000000c1c00000, 0x00000000c7000000, 0x00000000eb400000)
  object space 86016K, 50% used [0x00000000c1c00000,0x00000000c466e5b8,0x00000000c7000000)
 Metaspace       used 55286K, capacity 56428K, committed 56664K, reserved 1099776K
  class space    used 6655K, capacity 6948K, committed 7040K, reserved 1048576K

Card table byte_map: [0x0000000012140000,0x0000000012340000] byte_map_base: 0x0000000011b32000

Marking Bits: (ParMarkBitMap*) 0x000000006596f030
 Begin Bits: [0x0000000012890000, 0x0000000013820000)
 End Bits:   [0x0000000013820000, 0x00000000147b0000)

Polling page: 0x00000000011f0000

CodeCache: size=245760Kb used=30006Kb max_used=30006Kb free=215753Kb
 bounds [0x0000000002d80000, 0x0000000004af0000, 0x0000000011d80000]
 total_blobs=7805 nmethods=7280 adapters=435
 compilation: enabled

Compilation events (10 events):
Event: 39.549 Thread 0x00000000153a7800 8402       3       org.jetbrains.kotlin.resolve.calls.inference.components.NewTypeSubstitutor$DefaultImpls::substituteArgumentProjection (14 bytes)
Event: 39.550 Thread 0x00000000153a7800 nmethod 8402 0x0000000004ae7290 code [0x0000000004ae74e0, 0x0000000004ae8038]
Event: 39.557 Thread 0x00000000153a7800 8403       1       org.jetbrains.kotlin.resolve.calls.inference.components.ConstraintContext::component1 (5 bytes)
Event: 39.557 Thread 0x00000000153a7800 nmethod 8403 0x0000000004ae8750 code [0x0000000004ae88a0, 0x0000000004ae89b0]
Event: 39.557 Thread 0x00000000153a7800 8404       1       org.jetbrains.kotlin.resolve.calls.inference.components.ConstraintContext::component2 (5 bytes)
Event: 39.558 Thread 0x00000000153a7800 nmethod 8404 0x0000000004ae8a10 code [0x0000000004ae8b60, 0x0000000004ae8c70]
Event: 39.558 Thread 0x00000000153a7800 8405       1       org.jetbrains.kotlin.resolve.calls.inference.components.ConstraintContext::component3 (5 bytes)
Event: 39.558 Thread 0x00000000153a7800 nmethod 8405 0x0000000004ae8cd0 code [0x0000000004ae8e20, 0x0000000004ae8f30]
Event: 39.558 Thread 0x00000000153a7800 8406       1       org.jetbrains.kotlin.resolve.calls.inference.components.ConstraintContext::component4 (5 bytes)
Event: 39.558 Thread 0x00000000153a7800 nmethod 8406 0x0000000004ae8f90 code [0x0000000004ae90e0, 0x0000000004ae91f0]

GC Heap History (10 events):
Event: 10.977 GC heap before
{Heap before GC invocations=9 (full 1):
 PSYoungGen      total 74752K, used 36314K [0x00000000eb400000, 0x00000000f1b80000, 0x0000000100000000)
  eden space 58880K, 34% used [0x00000000eb400000,0x00000000ec7fa5f0,0x00000000eed80000)
  from space 15872K, 99% used [0x00000000eed80000,0x00000000efcfc440,0x00000000efd00000)
  to   space 18944K, 0% used [0x00000000f0900000,0x00000000f0900000,0x00000000f1b80000)
 ParOldGen       total 64000K, used 22357K [0x00000000c1c00000, 0x00000000c5a80000, 0x00000000eb400000)
  object space 64000K, 34% used [0x00000000c1c00000,0x00000000c31d5718,0x00000000c5a80000)
 Metaspace       used 34630K, capacity 35108K, committed 35416K, reserved 1081344K
  class space    used 4333K, capacity 4465K, committed 4480K, reserved 1048576K
Event: 10.993 GC heap after
Heap after GC invocations=9 (full 1):
 PSYoungGen      total 86528K, used 12826K [0x00000000eb400000, 0x00000000f3180000, 0x0000000100000000)
  eden space 67584K, 0% used [0x00000000eb400000,0x00000000eb400000,0x00000000ef600000)
  from space 18944K, 67% used [0x00000000f0900000,0x00000000f1586ba8,0x00000000f1b80000)
  to   space 19456K, 0% used [0x00000000ef600000,0x00000000ef600000,0x00000000f0900000)
 ParOldGen       total 64000K, used 22365K [0x00000000c1c00000, 0x00000000c5a80000, 0x00000000eb400000)
  object space 64000K, 34% used [0x00000000c1c00000,0x00000000c31d7718,0x00000000c5a80000)
 Metaspace       used 34630K, capacity 35108K, committed 35416K, reserved 1081344K
  class space    used 4333K, capacity 4465K, committed 4480K, reserved 1048576K
}
Event: 10.993 GC heap before
{Heap before GC invocations=10 (full 2):
 PSYoungGen      total 86528K, used 12826K [0x00000000eb400000, 0x00000000f3180000, 0x0000000100000000)
  eden space 67584K, 0% used [0x00000000eb400000,0x00000000eb400000,0x00000000ef600000)
  from space 18944K, 67% used [0x00000000f0900000,0x00000000f1586ba8,0x00000000f1b80000)
  to   space 19456K, 0% used [0x00000000ef600000,0x00000000ef600000,0x00000000f0900000)
 ParOldGen       total 64000K, used 22365K [0x00000000c1c00000, 0x00000000c5a80000, 0x00000000eb400000)
  object space 64000K, 34% used [0x00000000c1c00000,0x00000000c31d7718,0x00000000c5a80000)
 Metaspace       used 34630K, capacity 35108K, committed 35416K, reserved 1081344K
  class space    used 4333K, capacity 4465K, committed 4480K, reserved 1048576K
Event: 11.155 GC heap after
Heap after GC invocations=10 (full 2):
 PSYoungGen      total 86528K, used 0K [0x00000000eb400000, 0x00000000f3180000, 0x0000000100000000)
  eden space 67584K, 0% used [0x00000000eb400000,0x00000000eb400000,0x00000000ef600000)
  from space 18944K, 0% used [0x00000000f0900000,0x00000000f0900000,0x00000000f1b80000)
  to   space 19456K, 0% used [0x00000000ef600000,0x00000000ef600000,0x00000000f0900000)
 ParOldGen       total 86016K, used 31805K [0x00000000c1c00000, 0x00000000c7000000, 0x00000000eb400000)
  object space 86016K, 36% used [0x00000000c1c00000,0x00000000c3b0f550,0x00000000c7000000)
 Metaspace       used 34630K, capacity 35108K, committed 35416K, reserved 1081344K
  class space    used 4333K, capacity 4465K, committed 4480K, reserved 1048576K
}
Event: 15.711 GC heap before
{Heap before GC invocations=11 (full 2):
 PSYoungGen      total 86528K, used 67584K [0x00000000eb400000, 0x00000000f3180000, 0x0000000100000000)
  eden space 67584K, 100% used [0x00000000eb400000,0x00000000ef600000,0x00000000ef600000)
  from space 18944K, 0% used [0x00000000f0900000,0x00000000f0900000,0x00000000f1b80000)
  to   space 19456K, 0% used [0x00000000ef600000,0x00000000ef600000,0x00000000f0900000)
 ParOldGen       total 86016K, used 31805K [0x00000000c1c00000, 0x00000000c7000000, 0x00000000eb400000)
  object space 86016K, 36% used [0x00000000c1c00000,0x00000000c3b0f550,0x00000000c7000000)
 Metaspace       used 40857K, capacity 41550K, committed 41816K, reserved 1085440K
  class space    used 4993K, capacity 5195K, committed 5248K, reserved 1048576K
Event: 15.774 GC heap after
Heap after GC invocations=11 (full 2):
 PSYoungGen      total 87040K, used 11138K [0x00000000eb400000, 0x00000000f2f00000, 0x0000000100000000)
  eden space 67584K, 0% used [0x00000000eb400000,0x00000000eb400000,0x00000000ef600000)
  from space 19456K, 57% used [0x00000000ef600000,0x00000000f00e0af8,0x00000000f0900000)
  to   space 18944K, 0% used [0x00000000f1c80000,0x00000000f1c80000,0x00000000f2f00000)
 ParOldGen       total 86016K, used 31813K [0x00000000c1c00000, 0x00000000c7000000, 0x00000000eb400000)
  object space 86016K, 36% used [0x00000000c1c00000,0x00000000c3b11550,0x00000000c7000000)
 Metaspace       used 40857K, capacity 41550K, committed 41816K, reserved 1085440K
  class space    used 4993K, capacity 5195K, committed 5248K, reserved 1048576K
}
Event: 22.649 GC heap before
{Heap before GC invocations=12 (full 2):
 PSYoungGen      total 87040K, used 78722K [0x00000000eb400000, 0x00000000f2f00000, 0x0000000100000000)
  eden space 67584K, 100% used [0x00000000eb400000,0x00000000ef600000,0x00000000ef600000)
  from space 19456K, 57% used [0x00000000ef600000,0x00000000f00e0af8,0x00000000f0900000)
  to   space 18944K, 0% used [0x00000000f1c80000,0x00000000f1c80000,0x00000000f2f00000)
 ParOldGen       total 86016K, used 31813K [0x00000000c1c00000, 0x00000000c7000000, 0x00000000eb400000)
  object space 86016K, 36% used [0x00000000c1c00000,0x00000000c3b11550,0x00000000c7000000)
 Metaspace       used 47477K, capacity 48300K, committed 48728K, reserved 1091584K
  class space    used 5687K, capacity 5944K, committed 6016K, reserved 1048576K
Event: 22.716 GC heap after
Heap after GC invocations=12 (full 2):
 PSYoungGen      total 103424K, used 18925K [0x00000000eb400000, 0x00000000f3400000, 0x0000000100000000)
  eden space 84480K, 0% used [0x00000000eb400000,0x00000000eb400000,0x00000000f0680000)
  from space 18944K, 99% used [0x00000000f1c80000,0x00000000f2efb4a8,0x00000000f2f00000)
  to   space 22528K, 0% used [0x00000000f0680000,0x00000000f0680000,0x00000000f1c80000)
 ParOldGen       total 86016K, used 34639K [0x00000000c1c00000, 0x00000000c7000000, 0x00000000eb400000)
  object space 86016K, 40% used [0x00000000c1c00000,0x00000000c3dd3c90,0x00000000c7000000)
 Metaspace       used 47477K, capacity 48300K, committed 48728K, reserved 1091584K
  class space    used 5687K, capacity 5944K, committed 6016K, reserved 1048576K
}
Event: 36.187 GC heap before
{Heap before GC invocations=13 (full 2):
 PSYoungGen      total 103424K, used 103405K [0x00000000eb400000, 0x00000000f3400000, 0x0000000100000000)
  eden space 84480K, 100% used [0x00000000eb400000,0x00000000f0680000,0x00000000f0680000)
  from space 18944K, 99% used [0x00000000f1c80000,0x00000000f2efb4a8,0x00000000f2f00000)
  to   space 22528K, 0% used [0x00000000f0680000,0x00000000f0680000,0x00000000f1c80000)
 ParOldGen       total 86016K, used 34639K [0x00000000c1c00000, 0x00000000c7000000, 0x00000000eb400000)
  object space 86016K, 40% used [0x00000000c1c00000,0x00000000c3dd3c90,0x00000000c7000000)
 Metaspace       used 54540K, capacity 55686K, committed 55896K, reserved 1097728K
  class space    used 6609K, capacity 6915K, committed 7040K, reserved 1048576K
Event: 37.065 GC heap after
Heap after GC invocations=13 (full 2):
 PSYoungGen      total 107008K, used 22498K [0x00000000eb400000, 0x00000000f5980000, 0x0000000100000000)
  eden space 84480K, 0% used [0x00000000eb400000,0x00000000eb400000,0x00000000f0680000)
  from space 22528K, 99% used [0x00000000f0680000,0x00000000f1c78bc0,0x00000000f1c80000)
  to   space 28672K, 0% used [0x00000000f3d80000,0x00000000f3d80000,0x00000000f5980000)
 ParOldGen       total 86016K, used 43449K [0x00000000c1c00000, 0x00000000c7000000, 0x00000000eb400000)
  object space 86016K, 50% used [0x00000000c1c00000,0x00000000c466e5b8,0x00000000c7000000)
 Metaspace       used 54540K, capacity 55686K, committed 55896K, reserved 1097728K
  class space    used 6609K, capacity 6915K, committed 7040K, reserved 1048576K
}

Deoptimization events (10 events):
Event: 38.329 Thread 0x0000000002c82800 Uncommon trap: reason=class_check action=maybe_recompile pc=0x00000000045f2e20 method=org.jetbrains.kotlin.psi.KtQualifiedExpression$DefaultImpls.getExpression(Lorg/jetbrains/kotlin/psi/KtQualifiedExpression;Z)Lorg/jetbrains/kotlin/psi/KtExpression; @ 1
Event: 38.329 Thread 0x0000000002c82800 Uncommon trap: reason=class_check action=maybe_recompile pc=0x00000000045746f8 method=org.jetbrains.kotlin.psi.KtQualifiedExpression$DefaultImpls.getOperationTokenNode(Lorg/jetbrains/kotlin/psi/KtQualifiedExpression;)Lorg/jetbrains/kotlin/com/intellij/lan
Event: 38.333 Thread 0x0000000002c82800 Uncommon trap: reason=class_check action=maybe_recompile pc=0x00000000045f2e20 method=org.jetbrains.kotlin.psi.KtQualifiedExpression$DefaultImpls.getExpression(Lorg/jetbrains/kotlin/psi/KtQualifiedExpression;Z)Lorg/jetbrains/kotlin/psi/KtExpression; @ 1
Event: 38.333 Thread 0x0000000002c82800 Uncommon trap: reason=class_check action=maybe_recompile pc=0x00000000045746f8 method=org.jetbrains.kotlin.psi.KtQualifiedExpression$DefaultImpls.getOperationTokenNode(Lorg/jetbrains/kotlin/psi/KtQualifiedExpression;)Lorg/jetbrains/kotlin/com/intellij/lan
Event: 38.343 Thread 0x0000000002c82800 Uncommon trap: reason=class_check action=maybe_recompile pc=0x00000000045746f8 method=org.jetbrains.kotlin.psi.KtQualifiedExpression$DefaultImpls.getOperationTokenNode(Lorg/jetbrains/kotlin/psi/KtQualifiedExpression;)Lorg/jetbrains/kotlin/com/intellij/lan
Event: 38.345 Thread 0x0000000002c82800 Uncommon trap: reason=class_check action=maybe_recompile pc=0x00000000045f2e20 method=org.jetbrains.kotlin.psi.KtQualifiedExpression$DefaultImpls.getExpression(Lorg/jetbrains/kotlin/psi/KtQualifiedExpression;Z)Lorg/jetbrains/kotlin/psi/KtExpression; @ 1
Event: 38.409 Thread 0x0000000002c82800 Uncommon trap: reason=class_check action=maybe_recompile pc=0x00000000044c2360 method=org.jetbrains.kotlin.serialization.deserialization.descriptors.DeserializedMemberScope$OptimizedImplementation.getContributedVariables(Lorg/jetbrains/kotlin/name/Name;Lo
Event: 38.609 Thread 0x0000000002c82800 Uncommon trap: reason=bimorphic action=maybe_recompile pc=0x0000000003aa5264 method=kotlin.SynchronizedLazyImpl.getValue()Ljava/lang/Object; @ 57
Event: 39.151 Thread 0x0000000002c82800 Uncommon trap: reason=unstable_if action=reinterpret pc=0x000000000420cd6c method=org.jetbrains.kotlin.descriptors.impl.FunctionDescriptorImpl.performOverriddenLazyCalculationIfNeeded()V @ 6
Event: 39.602 Thread 0x0000000002c82800 Uncommon trap: reason=unstable_if action=reinterpret pc=0x00000000042f5ee4 method=org.jetbrains.kotlin.types.TypeUtils.noExpectedType(Lorg/jetbrains/kotlin/types/KotlinType;)Z @ 19

Classes redefined (0 events):
No events

Internal exceptions (10 events):
Event: 33.470 Thread 0x0000000002c82800 Implicit null exception at 0x0000000003d2b22d to 0x0000000003d2ffbd
Event: 33.644 Thread 0x0000000002c82800 Exception <a 'java/lang/NoSuchMethodError': java.lang.Object.lambda$static$0(I)[Lorg/jetbrains/kotlin/com/intellij/psi/PsiMethod;> (0x00000000efbeeed0) thrown at [C:\src\AOSP-openjdk-git\hotspot\src\share\vm\interpreter\linkResolver.cpp, line 620]
Event: 33.799 Thread 0x0000000002c82800 Exception <a 'java/lang/NoSuchMethodError': java.lang.Object.lambda$static$0(I)[Lorg/jetbrains/kotlin/com/intellij/psi/PsiField;> (0x00000000efe4c228) thrown at [C:\src\AOSP-openjdk-git\hotspot\src\share\vm\interpreter\linkResolver.cpp, line 620]
Event: 33.893 Thread 0x0000000002c82800 Exception <a 'java/lang/NoSuchMethodError': java.lang.Object.lambda$static$0(I)[Lorg/jetbrains/kotlin/com/intellij/psi/PsiJavaCodeReferenceElement;> (0x00000000efebac28) thrown at [C:\src\AOSP-openjdk-git\hotspot\src\share\vm\interpreter\linkResolver.cpp,
Event: 34.016 Thread 0x0000000002c82800 Exception <a 'java/lang/NoSuchMethodError': java.lang.Object.lambda$static$0(I)[Lorg/jetbrains/kotlin/com/intellij/psi/PsiImportStatementBase;> (0x00000000effd4eb0) thrown at [C:\src\AOSP-openjdk-git\hotspot\src\share\vm\interpreter\linkResolver.cpp, line
Event: 34.083 Thread 0x0000000002c82800 Exception <a 'java/lang/NoSuchMethodError': java.lang.Object.lambda$static$0(I)I> (0x00000000f002ec80) thrown at [C:\src\AOSP-openjdk-git\hotspot\src\share\vm\interpreter\linkResolver.cpp, line 620]
Event: 34.239 Thread 0x0000000002c82800 Exception <a 'java/lang/NoSuchMethodError': java.lang.Object.lambda$static$0(I)[Lorg/jetbrains/kotlin/com/intellij/psi/PsiParameter;> (0x00000000f0073da0) thrown at [C:\src\AOSP-openjdk-git\hotspot\src\share\vm\interpreter\linkResolver.cpp, line 620]
Event: 34.835 Thread 0x0000000002c82800 Exception <a 'java/lang/NoSuchMethodError': java.lang.Object.lambda$static$0(I)[Lorg/jetbrains/kotlin/com/intellij/psi/PsiNameValuePair;> (0x00000000f01b79b0) thrown at [C:\src\AOSP-openjdk-git\hotspot\src\share\vm\interpreter\linkResolver.cpp, line 620]
Event: 34.852 Thread 0x0000000002c82800 Exception <a 'java/lang/NoSuchMethodError': java.lang.Object.lambda$static$0(I)[Lorg/jetbrains/kotlin/com/intellij/psi/PsiAnnotationMemberValue;> (0x00000000f01d3968) thrown at [C:\src\AOSP-openjdk-git\hotspot\src\share\vm\interpreter\linkResolver.cpp, li
Event: 35.090 Thread 0x0000000002c82800 Exception <a 'java/lang/IncompatibleClassChangeError': Found class java.lang.Object, but interface was expected> (0x00000000f02cdcb0) thrown at [C:\src\AOSP-openjdk-git\hotspot\src\share\vm\interpreter\linkResolver.cpp, line 653]

Events (10 events):
Event: 39.602 loading class org/jetbrains/kotlin/types/expressions/FunctionsTypingVisitor$collectReturns$1
Event: 39.602 loading class org/jetbrains/kotlin/types/expressions/FunctionsTypingVisitor$collectReturns$1 done
Event: 39.603 loading class org/jetbrains/kotlin/types/expressions/FunctionsTypingVisitor$computeReturnTypeBasedOnReturnExpressions$1$1
Event: 39.604 loading class org/jetbrains/kotlin/types/expressions/FunctionsTypingVisitor$computeReturnTypeBasedOnReturnExpressions$1$1 done
Event: 39.604 loading class org/jetbrains/kotlin/types/CommonSupertypes
Event: 39.604 loading class org/jetbrains/kotlin/types/CommonSupertypes done
Event: 39.611 loading class org/jetbrains/kotlin/types/expressions/FunctionsTypingVisitorKt
Event: 39.611 loading class org/jetbrains/kotlin/types/expressions/FunctionsTypingVisitorKt done
Event: 39.614 loading class org/jetbrains/kotlin/resolve/calls/components/ReturnArgumentsInfo
Event: 39.614 loading class org/jetbrains/kotlin/resolve/calls/components/ReturnArgumentsInfo done


Dynamic libraries:
0x00007ff7413b0000 - 0x00007ff7413e1000 	C:\Program Files\Android\Android Studio\jre\jre\bin\java.exe
0x00007ffbff090000 - 0x00007ffbff285000 	C:\WINDOWS\SYSTEM32\ntdll.dll
0x00007ffbfe2a0000 - 0x00007ffbfe35d000 	C:\WINDOWS\System32\KERNEL32.DLL
0x00007ffbfcab0000 - 0x00007ffbfcd79000 	C:\WINDOWS\System32\KERNELBASE.dll
0x00007ffbfe360000 - 0x00007ffbfe40c000 	C:\WINDOWS\System32\ADVAPI32.dll
0x00007ffbfdef0000 - 0x00007ffbfdf8e000 	C:\WINDOWS\System32\msvcrt.dll
0x00007ffbfee90000 - 0x00007ffbfef2c000 	C:\WINDOWS\System32\sechost.dll
0x00007ffbfd340000 - 0x00007ffbfd46b000 	C:\WINDOWS\System32\RPCRT4.dll
0x00007ffbfe4a0000 - 0x00007ffbfe640000 	C:\WINDOWS\System32\USER32.dll
0x00007ffbfc7d0000 - 0x00007ffbfc7f2000 	C:\WINDOWS\System32\win32u.dll
0x00007ffbfd2b0000 - 0x00007ffbfd2da000 	C:\WINDOWS\System32\GDI32.dll
0x00007ffbfc9a0000 - 0x00007ffbfcaab000 	C:\WINDOWS\System32\gdi32full.dll
0x00007ffbfc800000 - 0x00007ffbfc89d000 	C:\WINDOWS\System32\msvcp_win.dll
0x00007ffbfc8a0000 - 0x00007ffbfc9a0000 	C:\WINDOWS\System32\ucrtbase.dll
0x00007ffbd8910000 - 0x00007ffbd8baa000 	C:\WINDOWS\WinSxS\amd64_microsoft.windows.common-controls_6595b64144ccf1df_6.0.19041.844_none_ca00b6081b84eb1d\COMCTL32.dll
0x00007ffbfdf90000 - 0x00007ffbfdfc0000 	C:\WINDOWS\System32\IMM32.DLL
0x0000000064660000 - 0x0000000064732000 	C:\Program Files\Android\Android Studio\jre\jre\bin\msvcr100.dll
0x00000000651a0000 - 0x00000000659eb000 	C:\Program Files\Android\Android Studio\jre\jre\bin\server\jvm.dll
0x00007ffbfd470000 - 0x00007ffbfd478000 	C:\WINDOWS\System32\PSAPI.DLL
0x00007ffbf2d60000 - 0x00007ffbf2d6a000 	C:\WINDOWS\SYSTEM32\VERSION.dll
0x00007ffbe0630000 - 0x00007ffbe0657000 	C:\WINDOWS\SYSTEM32\WINMM.dll
0x00007ffbda4f0000 - 0x00007ffbda4f9000 	C:\WINDOWS\SYSTEM32\WSOCK32.dll
0x00007ffbfe230000 - 0x00007ffbfe29b000 	C:\WINDOWS\System32\WS2_32.dll
0x00007ffbd8440000 - 0x00007ffbd844f000 	C:\Program Files\Android\Android Studio\jre\jre\bin\verify.dll
0x00007ffbd3c20000 - 0x00007ffbd3c49000 	C:\Program Files\Android\Android Studio\jre\jre\bin\java.dll
0x00007ffbd21f0000 - 0x00007ffbd2206000 	C:\Program Files\Android\Android Studio\jre\jre\bin\zip.dll
0x00007ffbfe740000 - 0x00007ffbfee82000 	C:\WINDOWS\System32\SHELL32.dll
0x00007ffbfa4e0000 - 0x00007ffbfac70000 	C:\WINDOWS\SYSTEM32\windows.storage.dll
0x00007ffbfd480000 - 0x00007ffbfd7d5000 	C:\WINDOWS\System32\combase.dll
0x00007ffbfc170000 - 0x00007ffbfc19c000 	C:\WINDOWS\SYSTEM32\Wldp.dll
0x00007ffbfd0f0000 - 0x00007ffbfd19e000 	C:\WINDOWS\System32\SHCORE.dll
0x00007ffbfd2e0000 - 0x00007ffbfd335000 	C:\WINDOWS\System32\shlwapi.dll
0x00007ffbfc710000 - 0x00007ffbfc72f000 	C:\WINDOWS\SYSTEM32\profapi.dll
0x00007ffbd1f10000 - 0x00007ffbd1f2a000 	C:\Program Files\Android\Android Studio\jre\jre\bin\net.dll
0x00007ffbfbf60000 - 0x00007ffbfbfca000 	C:\WINDOWS\system32\mswsock.dll
0x00007ffbd1cf0000 - 0x00007ffbd1d03000 	C:\Program Files\Android\Android Studio\jre\jre\bin\nio.dll

VM Arguments:
java_command: org.jetbrains.kotlin.cli.jvm.K2JVMCompiler @C:\Users\Pedro\StudioProjects\BlockCOVID-android\app\build\20210313_6061691221209330855.compiler.options
java_class_path (initial): C:\Users\Pedro\.gradle\caches\modules-2\files-2.1\org.jetbrains.kotlin\kotlin-compiler-embeddable\1.4.31\6451ea797cef544e81f507b0d9959cd97ae09c0\kotlin-compiler-embeddable-1.4.31.jar;C:\Users\Pedro\.gradle\caches\modules-2\files-2.1\org.jetbrains.kotlin\kotlin-reflect\1.4.31\63db9d66c3d20f7b8f66196e7ba86969daae8b8a\kotlin-reflect-1.4.31.jar;C:\Users\Pedro\.gradle\caches\modules-2\files-2.1\org.jetbrains.kotlin\kotlin-stdlib\1.4.31\a58e0fb9812a6a93ca24b5da75e4b5a0cb89c957\kotlin-stdlib-1.4.31.jar;C:\Users\Pedro\.gradle\caches\modules-2\files-2.1\org.jetbrains.kotlin\kotlin-script-runtime\1.4.31\183616b52cfb8ddaa8a2a15bf926e87dfcddcde3\kotlin-script-runtime-1.4.31.jar;C:\Users\Pedro\.gradle\caches\modules-2\files-2.1\org.jetbrains.kotlin\kotlin-daemon-embeddable\1.4.31\10faf8ac3dd5975ed972b2bc395b4ffc7ffde246\kotlin-daemon-embeddable-1.4.31.jar;C:\Users\Pedro\.gradle\caches\modules-2\files-2.1\org.jetbrains.intellij.deps\trove4j\1.0.20181211\216c2e14b070f334479d800987affe4054cd563f\trove4j-1.0.20181211.jar;C:\Users\Pedro\.gradle\caches\modules-2\files-2.1\org.jetbrains.kotlin\kotlin-stdlib-common\1.4.31\6dd50665802f54ba9bc3f70ecb20227d1bc81323\kotlin-stdlib-common-1.4.31.jar;C:\Users\Pedro\.gradle\caches\modules-2\files-2.1\org.jetbrains\annotations\13.0\919f0dfe192fb4e063e7dacadee7f8bb9a2672a9\annotations-13.0.jar;C:\Program Files\Android\Android Studio\jre\lib\tools.jar
Launcher Type: SUN_STANDARD

Environment Variables:
PATH=C:\VulkanSDK\1.2.141.2\Bin;C:\Program Files (x86)\Common Files\Oracle\Java\javapath;C:\Program Files (x86)\Razer Chroma SDK\bin;C:\Program Files\Razer Chroma SDK\bin;C:\Program Files (x86)\Intel\iCLS Client\;C:\Program Files\Intel\iCLS Client\;C:\Windows\system32;C:\Windows;C:\Windows\System32\Wbem;C:\Windows\System32\WindowsPowerShell\v1.0\;C:\Program Files (x86)\Intel\Intel(R) Management Engine Components\DAL;C:\Program Files\Intel\Intel(R) Management Engine Components\DAL;C:\Program Files (x86)\Intel\Intel(R) Management Engine Components\IPT;C:\Program Files\Intel\Intel(R) Management Engine Components\IPT;C:\Program Files (x86)\NVIDIA Corporation\PhysX\Common;C:\WINDOWS\system32;C:\WINDOWS;C:\WINDOWS\System32\Wbem;C:\WINDOWS\System32\WindowsPowerShell\v1.0\;C:\WINDOWS\System32\OpenSSH\;C:\WINDOWS\system32\config\systemprofile\AppData\Local\Microsoft\WindowsApps;C:\Program Files\Intel\WiFi\bin\;C:\Program Files\Common Files\Intel\WirelessCommon\;C:\Program Files\NVIDIA Corporation\NVIDIA NvDLISR;C:\WINDOWS\system32;C:\WINDOWS;C:\WINDOWS\System32\Wbem;C:\WINDOWS\System32\WindowsPowerShell\v1.0\;C:\WINDOWS\System32\OpenSSH\;C:\MinGW\bin;C:\Program Files\nodejs\;C:\Program Files\Git\cmd;C:\Program Files\Docker\Docker\resources\bin;C:\ProgramData\DockerDesktop\version-bin;C:\Users\Pedro\AppData\Local\Microsoft\WindowsApps;C:\Users\Pedro\AppData\Local\Programs\MiKTeX\miktex\bin\x64\;C:\Users\Pedro\AppData\Local\GitHubDesktop\bin;C:\Users\Pedro\AppData\Roaming\npm;
USERNAME=Piero
OS=Windows_NT
PROCESSOR_IDENTIFIER=Intel64 Family 6 Model 142 Stepping 9, GenuineIntel



---------------  S Y S T E M  ---------------

OS: Windows 10.0 , 64 bit Build 19041 (10.0.19041.804)

CPU:total 4 (initial active 4) (2 cores per cpu, 2 threads per core) family 6 model 142 stepping 9, cmov, cx8, fxsr, mmx, sse, sse2, sse3, ssse3, sse4.1, sse4.2, popcnt, avx, avx2, aes, clmul, erms, 3dnowpref, lzcnt, ht, tsc, tscinvbit, bmi1, bmi2, adx

Memory: 4k page, physical 4078348k(93192k free), swap 16661260k(4900k free)

vm_info: OpenJDK 64-Bit Server VM (25.242-b01) for windows-amd64 JRE (1.8.0_242-release-1644-b01), built by "builder" with MS VC++ 10.0 (VS2010)

time: Sat Mar 13 18:20:39 2021
timezone: ora solare Europa occidentale
elapsed time: 39 seconds (0d 0h 0m 39s)

